# JRE version: Java(TM) SE Runtime Environment (10.0.2+13) (build 10.0.2+13)
# Java VM: Java HotSpot(TM) 64-Bit Server VM (10.0.2+13, mixed mode, tiered, compressed oops, g1 gc, windows-amd64)
Heap:
 garbage-first heap   total 131072K, used 40880K [0x0000000081c00000, 0x0000000100000000)
  region size 1024K, 35 young (35840K), 4 survivors (4096K)
 Metaspace       used 30584K, capacity 31289K, committed 31488K, reserved 1077248K
  class space    used 3233K, capacity 3509K, committed 3584K, reserved 1048576K
GC Heap History (6 events):
Event: 16.097 GC heap before
{Heap before GC invocations=0 (full 0):
 garbage-first heap   total 131072K, used 27648K [0x0000000081c00000, 0x0000000100000000)
  region size 1024K, 24 young (24576K), 0 survivors (0K)
 Metaspace       used 18986K, capacity 19431K, committed 19712K, reserved 1067008K
  class space    used 2000K, capacity 2210K, committed 2304K, reserved 1048576K
}
Event: 16.111 GC heap after
{Heap after GC invocations=1 (full 0):
 garbage-first heap   total 131072K, used 7089K [0x0000000081c00000, 0x0000000100000000)
  region size 1024K, 3 young (3072K), 3 survivors (3072K)
 Metaspace       used 18986K, capacity 19431K, committed 19712K, reserved 1067008K
  class space    used 2000K, capacity 2210K, committed 2304K, reserved 1048576K
}
Event: 78.114 GC heap before
{Heap before GC invocations=1 (full 0):
 garbage-first heap   total 131072K, used 14257K [0x0000000081c00000, 0x0000000100000000)
  region size 1024K, 11 young (11264K), 3 survivors (3072K)
 Metaspace       used 20684K, capacity 21098K, committed 21296K, reserved 1069056K
  class space    used 2195K, capacity 2404K, committed 2432K, reserved 1048576K
}
Event: 78.127 GC heap after
{Heap after GC invocations=2 (full 0):
 garbage-first heap   total 131072K, used 7707K [0x0000000081c00000, 0x0000000100000000)
  region size 1024K, 4 young (4096K), 4 survivors (4096K)
 Metaspace       used 20684K, capacity 21098K, committed 21296K, reserved 1069056K
  class space    used 2195K, capacity 2404K, committed 2432K, reserved 1048576K
}
Event: 509.523 GC heap before
{Heap before GC invocations=3 (full 0):
 garbage-first heap   total 131072K, used 45595K [0x0000000081c00000, 0x0000000100000000)
  region size 1024K, 41 young (41984K), 4 survivors (4096K)
 Metaspace       used 28226K, capacity 28761K, committed 29184K, reserved 1075200K
  class space    used 2997K, capacity 3240K, committed 3328K, reserved 1048576K
}
Event: 509.544 GC heap after
{Heap after GC invocations=4 (full 0):
 garbage-first heap   total 131072K, used 10160K [0x0000000081c00000, 0x0000000100000000)
  region size 1024K, 4 young (4096K), 4 survivors (4096K)
 Metaspace       used 28226K, capacity 28761K, committed 29184K, reserved 1075200K
  class space    used 2997K, capacity 3240K, committed 3328K, reserved 1048576K
}

